npm error Missing script: "start"
npm error
npm error Did you mean one of these?
npm error   npm star # Mark your favorite packages
npm error   npm stars # View packages marked as favorites
npm error
npm error To see a list of scripts, run:
npm error   npm run
npm error A complete log of this run can be found in: /home/ubuntu/.npm/_logs/2026-03-03T06_47_50_745Z-debug-0.log

> my-auth-app@0.0.0 dev
> vite


  VITE v8.0.0-beta.15  ready in 350 ms

  ➜  Local:   http://localhost:5173/
  ➜  Network: use --host to expose
Killed

> my-auth-app@0.0.0 dev
> vite --host


  VITE v8.0.0-beta.15  ready in 245 ms

  ➜  Local:   http://localhost:5173/
  ➜  Network: http://172.31.39.15:5173/
Killed
